ERROR: Failed to read llc_occupancy perf monitoring event unit!
WARN: As of Kernel 4.10, Intel(R) RDT perf results per core are found to be incorrect.
ERROR: Failed to read local_bytes perf monitoring event unit!
ERROR: Failed to read total_bytes perf monitoring event unit!
ERROR: Failed to read local_bytes perf monitoring event unit!
ERROR: Failed to read total_bytes perf monitoring event unit!
WARN: resctl filesystem mounted! Using MSR interface may corrupt resctrl filesystem and cause unexpected behaviour
NOTE:  Mixed use of MSR and kernel interfaces to manage
       CAT or CMT & MBM may lead to unexpected behavior.
SOCKET 0 L3CA COS1 => MASK 0xc0000
SOCKET 1 L3CA COS1 => MASK 0xc0000
Allocation configuration altered.
NOTE:  Mixed use of MSR and kernel interfaces to manage
       CAT or CMT & MBM may lead to unexpected behavior.
Allocation configuration altered.
ERROR: Failed to read llc_occupancy perf monitoring event unit!
WARN: As of Kernel 4.10, Intel(R) RDT perf results per core are found to be incorrect.
ERROR: Failed to read local_bytes perf monitoring event unit!
ERROR: Failed to read total_bytes perf monitoring event unit!
ERROR: Failed to read local_bytes perf monitoring event unit!
ERROR: Failed to read total_bytes perf monitoring event unit!
WARN: resctl filesystem mounted! Using MSR interface may corrupt resctrl filesystem and cause unexpected behaviour
NOTE:  Mixed use of MSR and kernel interfaces to manage
       CAT or CMT & MBM may lead to unexpected behavior.
Allocation configuration altered.
NOTE:  Mixed use of MSR and kernel interfaces to manage
       CAT or CMT & MBM may lead to unexpected behavior.
SOCKET 0 L3CA COS1 => MASK 0xe0000
SOCKET 1 L3CA COS1 => MASK 0xe0000
Allocation configuration altered.
ERROR: Failed to read llc_occupancy perf monitoring event unit!
WARN: As of Kernel 4.10, Intel(R) RDT perf results per core are found to be incorrect.
ERROR: Failed to read local_bytes perf monitoring event unit!
ERROR: Failed to read total_bytes perf monitoring event unit!
ERROR: Failed to read local_bytes perf monitoring event unit!
ERROR: Failed to read total_bytes perf monitoring event unit!
WARN: resctl filesystem mounted! Using MSR interface may corrupt resctrl filesystem and cause unexpected behaviour
NOTE:  Mixed use of MSR and kernel interfaces to manage
       CAT or CMT & MBM may lead to unexpected behavior.
Allocation configuration altered.
NOTE:  Mixed use of MSR and kernel interfaces to manage
       CAT or CMT & MBM may lead to unexpected behavior.
SOCKET 0 L3CA COS1 => MASK 0xf0000
SOCKET 1 L3CA COS1 => MASK 0xf0000
Allocation configuration altered.
ERROR: Failed to read llc_occupancy perf monitoring event unit!
WARN: As of Kernel 4.10, Intel(R) RDT perf results per core are found to be incorrect.
ERROR: Failed to read local_bytes perf monitoring event unit!
ERROR: Failed to read total_bytes perf monitoring event unit!
ERROR: Failed to read local_bytes perf monitoring event unit!
ERROR: Failed to read total_bytes perf monitoring event unit!
NOTE:  Mixed use of MSR and kernel interfaces to manage
       CAT or CMT & MBM may lead to unexpected behavior.
Allocation configuration altered.
WARN: resctl filesystem mounted! Using MSR interface may corrupt resctrl filesystem and cause unexpected behaviour
NOTE:  Mixed use of MSR and kernel interfaces to manage
       CAT or CMT & MBM may lead to unexpected behavior.
SOCKET 0 L3CA COS1 => MASK 0xf8000
SOCKET 1 L3CA COS1 => MASK 0xf8000
Allocation configuration altered.
ERROR: Failed to read llc_occupancy perf monitoring event unit!
WARN: As of Kernel 4.10, Intel(R) RDT perf results per core are found to be incorrect.
ERROR: Failed to read local_bytes perf monitoring event unit!
ERROR: Failed to read total_bytes perf monitoring event unit!
ERROR: Failed to read local_bytes perf monitoring event unit!
ERROR: Failed to read total_bytes perf monitoring event unit!
WARN: resctl filesystem mounted! Using MSR interface may corrupt resctrl filesystem and cause unexpected behaviour
NOTE:  Mixed use of MSR and kernel interfaces to manage
       CAT or CMT & MBM may lead to unexpected behavior.
Allocation configuration altered.
NOTE:  Mixed use of MSR and kernel interfaces to manage
       CAT or CMT & MBM may lead to unexpected behavior.
SOCKET 0 L3CA COS1 => MASK 0xfc000
SOCKET 1 L3CA COS1 => MASK 0xfc000
Allocation configuration altered.
ERROR: Failed to read llc_occupancy perf monitoring event unit!
WARN: As of Kernel 4.10, Intel(R) RDT perf results per core are found to be incorrect.
ERROR: Failed to read local_bytes perf monitoring event unit!
ERROR: Failed to read total_bytes perf monitoring event unit!
ERROR: Failed to read local_bytes perf monitoring event unit!
ERROR: Failed to read total_bytes perf monitoring event unit!
WARN: resctl filesystem mounted! Using MSR interface may corrupt resctrl filesystem and cause unexpected behaviour
NOTE:  Mixed use of MSR and kernel interfaces to manage
       CAT or CMT & MBM may lead to unexpected behavior.
Allocation configuration altered.
NOTE:  Mixed use of MSR and kernel interfaces to manage
       CAT or CMT & MBM may lead to unexpected behavior.
SOCKET 0 L3CA COS1 => MASK 0xfe000
SOCKET 1 L3CA COS1 => MASK 0xfe000
Allocation configuration altered.
ERROR: Failed to read llc_occupancy perf monitoring event unit!
WARN: As of Kernel 4.10, Intel(R) RDT perf results per core are found to be incorrect.
ERROR: Failed to read local_bytes perf monitoring event unit!
ERROR: Failed to read total_bytes perf monitoring event unit!
ERROR: Failed to read local_bytes perf monitoring event unit!
ERROR: Failed to read total_bytes perf monitoring event unit!
WARN: resctl filesystem mounted! Using MSR interface may corrupt resctrl filesystem and cause unexpected behaviour
NOTE:  Mixed use of MSR and kernel interfaces to manage
       CAT or CMT & MBM may lead to unexpected behavior.
Allocation configuration altered.
NOTE:  Mixed use of MSR and kernel interfaces to manage
       CAT or CMT & MBM may lead to unexpected behavior.
SOCKET 0 L3CA COS1 => MASK 0xff000
SOCKET 1 L3CA COS1 => MASK 0xff000
Allocation configuration altered.
ERROR: Failed to read llc_occupancy perf monitoring event unit!
WARN: As of Kernel 4.10, Intel(R) RDT perf results per core are found to be incorrect.
ERROR: Failed to read local_bytes perf monitoring event unit!
ERROR: Failed to read total_bytes perf monitoring event unit!
ERROR: Failed to read local_bytes perf monitoring event unit!
ERROR: Failed to read total_bytes perf monitoring event unit!
WARN: resctl filesystem mounted! Using MSR interface may corrupt resctrl filesystem and cause unexpected behaviour
NOTE:  Mixed use of MSR and kernel interfaces to manage
       CAT or CMT & MBM may lead to unexpected behavior.
Allocation configuration altered.
NOTE:  Mixed use of MSR and kernel interfaces to manage
       CAT or CMT & MBM may lead to unexpected behavior.
SOCKET 0 L3CA COS1 => MASK 0xff800
SOCKET 1 L3CA COS1 => MASK 0xff800
Allocation configuration altered.
ERROR: Failed to read llc_occupancy perf monitoring event unit!
WARN: As of Kernel 4.10, Intel(R) RDT perf results per core are found to be incorrect.
ERROR: Failed to read local_bytes perf monitoring event unit!
ERROR: Failed to read total_bytes perf monitoring event unit!
ERROR: Failed to read local_bytes perf monitoring event unit!
ERROR: Failed to read total_bytes perf monitoring event unit!
WARN: resctl filesystem mounted! Using MSR interface may corrupt resctrl filesystem and cause unexpected behaviour
NOTE:  Mixed use of MSR and kernel interfaces to manage
       CAT or CMT & MBM may lead to unexpected behavior.
Allocation configuration altered.
NOTE:  Mixed use of MSR and kernel interfaces to manage
       CAT or CMT & MBM may lead to unexpected behavior.
SOCKET 0 L3CA COS1 => MASK 0xffc00
SOCKET 1 L3CA COS1 => MASK 0xffc00
Allocation configuration altered.
ERROR: Failed to read llc_occupancy perf monitoring event unit!
WARN: As of Kernel 4.10, Intel(R) RDT perf results per core are found to be incorrect.
ERROR: Failed to read local_bytes perf monitoring event unit!
ERROR: Failed to read total_bytes perf monitoring event unit!
ERROR: Failed to read local_bytes perf monitoring event unit!
ERROR: Failed to read total_bytes perf monitoring event unit!
WARN: resctl filesystem mounted! Using MSR interface may corrupt resctrl filesystem and cause unexpected behaviour
NOTE:  Mixed use of MSR and kernel interfaces to manage
       CAT or CMT & MBM may lead to unexpected behavior.
Allocation configuration altered.
NOTE:  Mixed use of MSR and kernel interfaces to manage
       CAT or CMT & MBM may lead to unexpected behavior.
SOCKET 0 L3CA COS1 => MASK 0xffe00
SOCKET 1 L3CA COS1 => MASK 0xffe00
Allocation configuration altered.
ERROR: Failed to read llc_occupancy perf monitoring event unit!
WARN: As of Kernel 4.10, Intel(R) RDT perf results per core are found to be incorrect.
ERROR: Failed to read local_bytes perf monitoring event unit!
ERROR: Failed to read total_bytes perf monitoring event unit!
ERROR: Failed to read local_bytes perf monitoring event unit!
ERROR: Failed to read total_bytes perf monitoring event unit!
WARN: resctl filesystem mounted! Using MSR interface may corrupt resctrl filesystem and cause unexpected behaviour
NOTE:  Mixed use of MSR and kernel interfaces to manage
       CAT or CMT & MBM may lead to unexpected behavior.
Allocation configuration altered.
NOTE:  Mixed use of MSR and kernel interfaces to manage
       CAT or CMT & MBM may lead to unexpected behavior.
SOCKET 0 L3CA COS1 => MASK 0xfff00
SOCKET 1 L3CA COS1 => MASK 0xfff00
Allocation configuration altered.
ERROR: Failed to read llc_occupancy perf monitoring event unit!
WARN: As of Kernel 4.10, Intel(R) RDT perf results per core are found to be incorrect.
ERROR: Failed to read local_bytes perf monitoring event unit!
ERROR: Failed to read total_bytes perf monitoring event unit!
ERROR: Failed to read local_bytes perf monitoring event unit!
ERROR: Failed to read total_bytes perf monitoring event unit!
WARN: resctl filesystem mounted! Using MSR interface may corrupt resctrl filesystem and cause unexpected behaviour
NOTE:  Mixed use of MSR and kernel interfaces to manage
       CAT or CMT & MBM may lead to unexpected behavior.
Allocation configuration altered.
NOTE:  Mixed use of MSR and kernel interfaces to manage
       CAT or CMT & MBM may lead to unexpected behavior.
SOCKET 0 L3CA COS1 => MASK 0xfff80
SOCKET 1 L3CA COS1 => MASK 0xfff80
Allocation configuration altered.
ERROR: Failed to read llc_occupancy perf monitoring event unit!
WARN: As of Kernel 4.10, Intel(R) RDT perf results per core are found to be incorrect.
ERROR: Failed to read local_bytes perf monitoring event unit!
ERROR: Failed to read total_bytes perf monitoring event unit!
ERROR: Failed to read local_bytes perf monitoring event unit!
ERROR: Failed to read total_bytes perf monitoring event unit!
WARN: resctl filesystem mounted! Using MSR interface may corrupt resctrl filesystem and cause unexpected behaviour
NOTE:  Mixed use of MSR and kernel interfaces to manage
       CAT or CMT & MBM may lead to unexpected behavior.
Allocation configuration altered.
NOTE:  Mixed use of MSR and kernel interfaces to manage
       CAT or CMT & MBM may lead to unexpected behavior.
SOCKET 0 L3CA COS1 => MASK 0xfffc0
SOCKET 1 L3CA COS1 => MASK 0xfffc0
Allocation configuration altered.
ERROR: Failed to read llc_occupancy perf monitoring event unit!
WARN: As of Kernel 4.10, Intel(R) RDT perf results per core are found to be incorrect.
ERROR: Failed to read local_bytes perf monitoring event unit!
ERROR: Failed to read total_bytes perf monitoring event unit!
ERROR: Failed to read local_bytes perf monitoring event unit!
ERROR: Failed to read total_bytes perf monitoring event unit!
WARN: resctl filesystem mounted! Using MSR interface may corrupt resctrl filesystem and cause unexpected behaviour
NOTE:  Mixed use of MSR and kernel interfaces to manage
       CAT or CMT & MBM may lead to unexpected behavior.
Allocation configuration altered.
NOTE:  Mixed use of MSR and kernel interfaces to manage
       CAT or CMT & MBM may lead to unexpected behavior.
SOCKET 0 L3CA COS1 => MASK 0xfffe0
SOCKET 1 L3CA COS1 => MASK 0xfffe0
Allocation configuration altered.
ERROR: Failed to read llc_occupancy perf monitoring event unit!
WARN: As of Kernel 4.10, Intel(R) RDT perf results per core are found to be incorrect.
ERROR: Failed to read local_bytes perf monitoring event unit!
ERROR: Failed to read total_bytes perf monitoring event unit!
ERROR: Failed to read local_bytes perf monitoring event unit!
ERROR: Failed to read total_bytes perf monitoring event unit!
WARN: resctl filesystem mounted! Using MSR interface may corrupt resctrl filesystem and cause unexpected behaviour
NOTE:  Mixed use of MSR and kernel interfaces to manage
       CAT or CMT & MBM may lead to unexpected behavior.
SOCKET 0 L3CA COS1 => MASK 0xffff0
SOCKET 1 L3CA COS1 => MASK 0xffff0
Allocation configuration altered.
NOTE:  Mixed use of MSR and kernel interfaces to manage
       CAT or CMT & MBM may lead to unexpected behavior.
Allocation configuration altered.
ERROR: Failed to read llc_occupancy perf monitoring event unit!
WARN: As of Kernel 4.10, Intel(R) RDT perf results per core are found to be incorrect.
ERROR: Failed to read local_bytes perf monitoring event unit!
ERROR: Failed to read total_bytes perf monitoring event unit!
ERROR: Failed to read local_bytes perf monitoring event unit!
ERROR: Failed to read total_bytes perf monitoring event unit!
WARN: resctl filesystem mounted! Using MSR interface may corrupt resctrl filesystem and cause unexpected behaviour
NOTE:  Mixed use of MSR and kernel interfaces to manage
       CAT or CMT & MBM may lead to unexpected behavior.
SOCKET 0 L3CA COS1 => MASK 0xffff8
SOCKET 1 L3CA COS1 => MASK 0xffff8
Allocation configuration altered.
NOTE:  Mixed use of MSR and kernel interfaces to manage
       CAT or CMT & MBM may lead to unexpected behavior.
Allocation configuration altered.
ERROR: Failed to read llc_occupancy perf monitoring event unit!
WARN: As of Kernel 4.10, Intel(R) RDT perf results per core are found to be incorrect.
ERROR: Failed to read local_bytes perf monitoring event unit!
ERROR: Failed to read total_bytes perf monitoring event unit!
ERROR: Failed to read local_bytes perf monitoring event unit!
ERROR: Failed to read total_bytes perf monitoring event unit!
NOTE:  Mixed use of MSR and kernel interfaces to manage
       CAT or CMT & MBM may lead to unexpected behavior.
Allocation configuration altered.
WARN: resctl filesystem mounted! Using MSR interface may corrupt resctrl filesystem and cause unexpected behaviour
NOTE:  Mixed use of MSR and kernel interfaces to manage
       CAT or CMT & MBM may lead to unexpected behavior.
SOCKET 0 L3CA COS1 => MASK 0xffffc
SOCKET 1 L3CA COS1 => MASK 0xffffc
Allocation configuration altered.
ERROR: Failed to read llc_occupancy perf monitoring event unit!
WARN: As of Kernel 4.10, Intel(R) RDT perf results per core are found to be incorrect.
ERROR: Failed to read local_bytes perf monitoring event unit!
ERROR: Failed to read total_bytes perf monitoring event unit!
ERROR: Failed to read local_bytes perf monitoring event unit!
ERROR: Failed to read total_bytes perf monitoring event unit!
WARN: resctl filesystem mounted! Using MSR interface may corrupt resctrl filesystem and cause unexpected behaviour
NOTE:  Mixed use of MSR and kernel interfaces to manage
       CAT or CMT & MBM may lead to unexpected behavior.
Allocation configuration altered.
NOTE:  Mixed use of MSR and kernel interfaces to manage
       CAT or CMT & MBM may lead to unexpected behavior.
SOCKET 0 L3CA COS1 => MASK 0xffffe
SOCKET 1 L3CA COS1 => MASK 0xffffe
Allocation configuration altered.
ERROR: Failed to read llc_occupancy perf monitoring event unit!
WARN: As of Kernel 4.10, Intel(R) RDT perf results per core are found to be incorrect.
ERROR: Failed to read local_bytes perf monitoring event unit!
ERROR: Failed to read total_bytes perf monitoring event unit!
ERROR: Failed to read local_bytes perf monitoring event unit!
ERROR: Failed to read total_bytes perf monitoring event unit!
WARN: resctl filesystem mounted! Using MSR interface may corrupt resctrl filesystem and cause unexpected behaviour
NOTE:  Mixed use of MSR and kernel interfaces to manage
       CAT or CMT & MBM may lead to unexpected behavior.
SOCKET 0 L3CA COS1 => MASK 0xfffff
SOCKET 1 L3CA COS1 => MASK 0xfffff
Allocation configuration altered.
NOTE:  Mixed use of MSR and kernel interfaces to manage
       CAT or CMT & MBM may lead to unexpected behavior.
Allocation configuration altered.
ERROR: Failed to read llc_occupancy perf monitoring event unit!
WARN: As of Kernel 4.10, Intel(R) RDT perf results per core are found to be incorrect.
ERROR: Failed to read local_bytes perf monitoring event unit!
ERROR: Failed to read total_bytes perf monitoring event unit!
ERROR: Failed to read local_bytes perf monitoring event unit!
ERROR: Failed to read total_bytes perf monitoring event unit!
WARN: resctl filesystem mounted! Using MSR interface may corrupt resctrl filesystem and cause unexpected behaviour
NOTE:  Mixed use of MSR and kernel interfaces to manage
       CAT or CMT & MBM may lead to unexpected behavior.
SOCKET 0 L3CA COS1 => MASK 0xfffff
SOCKET 1 L3CA COS1 => MASK 0xfffff
Allocation configuration altered.
NOTE:  Mixed use of MSR and kernel interfaces to manage
       CAT or CMT & MBM may lead to unexpected behavior.
Allocation configuration altered.
